TN:
SF:src\app.ts
FNF:0
FNH:0
DA:1,3
DA:2,3
DA:3,3
DA:4,3
DA:5,3
DA:6,3
DA:8,3
DA:9,3
DA:10,3
DA:16,3
DA:17,3
DA:19,3
DA:21,3
LF:13
LH:13
BRF:0
BRH:0
end_of_record
TN:
SF:src\controllers\indexController.ts
FN:4,(anonymous_7)
FNF:1
FNH:1
FNDA:2,(anonymous_7)
DA:5,2
DA:9,3
LF:2
LH:2
BRF:0
BRH:0
end_of_record
TN:
SF:src\controllers\socketController.ts
FN:4,(anonymous_0)
FN:5,(anonymous_1)
FN:9,(anonymous_2)
FN:15,(anonymous_3)
FNF:4
FNH:1
FNDA:3,(anonymous_0)
FNDA:0,(anonymous_1)
FNDA:0,(anonymous_2)
FNDA:0,(anonymous_3)
DA:2,3
DA:4,3
DA:5,3
DA:6,0
DA:7,0
DA:9,0
DA:10,0
DA:15,0
DA:16,0
DA:22,3
LF:10
LH:4
BRF:0
BRH:0
end_of_record
TN:
SF:src\controllers\stripeController.ts
FN:16,(anonymous_8)
FN:19,(anonymous_10)
FNF:2
FNH:2
FNDA:1,(anonymous_8)
FNDA:2,(anonymous_10)
DA:1,3
DA:4,3
DA:6,3
DA:9,3
DA:14,3
DA:18,1
DA:19,1
DA:20,2
DA:21,2
DA:22,0
DA:25,2
DA:37,1
DA:45,1
DA:47,0
LF:14
LH:12
BRDA:21,0,0,0
BRF:1
BRH:0
end_of_record
TN:
SF:src\controllers\webPushController.ts
FN:7,(anonymous_7)
FN:14,(anonymous_9)
FNF:2
FNH:2
FNDA:2,(anonymous_7)
FNDA:2,(anonymous_9)
DA:1,3
DA:2,3
DA:8,2
DA:9,2
DA:10,2
DA:11,2
DA:15,2
DA:19,3
LF:8
LH:8
BRF:0
BRH:0
end_of_record
TN:
SF:src\routes\routes.ts
FNF:0
FNH:0
DA:1,3
DA:2,3
DA:3,3
DA:4,3
DA:6,3
DA:8,3
DA:9,3
DA:10,3
DA:11,3
DA:13,3
LF:10
LH:10
BRF:0
BRH:0
end_of_record
TN:
SF:src\services\webpush.service.ts
FN:17,sendNotification
FN:19,(anonymous_2)
FNF:2
FNH:0
FNDA:0,sendNotification
FNDA:0,(anonymous_2)
DA:1,3
DA:4,3
DA:9,3
DA:15,3
DA:17,3
DA:18,0
DA:19,0
LF:7
LH:5
BRF:0
BRH:0
end_of_record
